0 info it worked if it ends with ok
1 verbose cli [ '/home/alchemist/.nvm/versions/node/v5.0.0/bin/node',
1 verbose cli   '/home/alchemist/.nvm/versions/node/v5.0.0/bin/npm',
1 verbose cli   'start' ]
2 info using npm@3.3.6
3 info using node@v5.0.0
4 verbose run-script [ 'prestart', 'start', 'poststart' ]
5 info lifecycle knowledgebase@0.0.0~prestart: knowledgebase@0.0.0
6 silly lifecycle knowledgebase@0.0.0~prestart: no script for prestart, continuing
7 info lifecycle knowledgebase@0.0.0~start: knowledgebase@0.0.0
8 verbose lifecycle knowledgebase@0.0.0~start: unsafe-perm in lifecycle true
9 verbose lifecycle knowledgebase@0.0.0~start: PATH: /home/alchemist/.nvm/versions/node/v5.0.0/lib/node_modules/npm/bin/node-gyp-bin:/home/alchemist/Angular/knowledgebase/node_modules/.bin:/usr/local/heroku/bin:/home/alchemist/.nvm/versions/node/v5.0.0/bin:/usr/local/sbin:/usr/local/bin:/usr/sbin:/usr/bin:/sbin:/bin:/usr/games:/usr/local/games
10 verbose lifecycle knowledgebase@0.0.0~start: CWD: /home/alchemist/Angular/knowledgebase
11 silly lifecycle knowledgebase@0.0.0~start: Args: [ '-c', 'node ./bin/www' ]
12 silly lifecycle knowledgebase@0.0.0~start: Returned: code: 1  signal: null
13 info lifecycle knowledgebase@0.0.0~start: Failed to exec start script
14 verbose stack Error: knowledgebase@0.0.0 start: `node ./bin/www`
14 verbose stack Exit status 1
14 verbose stack     at EventEmitter.<anonymous> (/home/alchemist/.nvm/versions/node/v5.0.0/lib/node_modules/npm/lib/utils/lifecycle.js:233:16)
14 verbose stack     at emitTwo (events.js:87:13)
14 verbose stack     at EventEmitter.emit (events.js:172:7)
14 verbose stack     at ChildProcess.<anonymous> (/home/alchemist/.nvm/versions/node/v5.0.0/lib/node_modules/npm/lib/utils/spawn.js:24:14)
14 verbose stack     at emitTwo (events.js:87:13)
14 verbose stack     at ChildProcess.emit (events.js:172:7)
14 verbose stack     at maybeClose (internal/child_process.js:818:16)
14 verbose stack     at Process.ChildProcess._handle.onexit (internal/child_process.js:211:5)
15 verbose pkgid knowledgebase@0.0.0
16 verbose cwd /home/alchemist/Angular/knowledgebase
17 error Linux 4.2.0-42-generic
18 error argv "/home/alchemist/.nvm/versions/node/v5.0.0/bin/node" "/home/alchemist/.nvm/versions/node/v5.0.0/bin/npm" "start"
19 error node v5.0.0
20 error npm  v3.3.6
21 error code ELIFECYCLE
22 error knowledgebase@0.0.0 start: `node ./bin/www`
22 error Exit status 1
23 error Failed at the knowledgebase@0.0.0 start script 'node ./bin/www'.
23 error This is most likely a problem with the knowledgebase package,
23 error not with npm itself.
23 error Tell the author that this fails on your system:
23 error     node ./bin/www
23 error You can get their info via:
23 error     npm owner ls knowledgebase
23 error There is likely additional logging output above.
24 verbose exit [ 1, true ]
